<?xml version="1.0" encoding="UTF-8"?>
<!-- Generated by org.testng.reporters.JUnitReportReporter -->
<testsuite hostname="DESKTOP-ROHIT" failures="0" tests="1" name="Android_Compassion_Apk.Update_Email" time="114.692" errors="0" timestamp="2023-05-20T12:29:04 IST" skipped="0">
  <testcase classname="Android_Compassion_Apk.Update_Email" name="change_email" time="114.692"/>
  <system-out/>
</testsuite> <!-- Android_Compassion_Apk.Update_Email -->
