<?xml version="1.0" encoding="UTF-8"?>
<!-- Generated by org.testng.reporters.JUnitReportReporter -->
<testsuite hostname="DESKTOP-ROHIT" failures="0" tests="1" name="Android_Compassion_Apk.Send_Gift" time="140.053" errors="0" timestamp="2023-05-20T12:18:41 IST" skipped="0">
  <testcase classname="Android_Compassion_Apk.Send_Gift" name="Gifts" time="140.053"/>
  <system-out/>
</testsuite> <!-- Android_Compassion_Apk.Send_Gift -->
