<?xml version="1.0" encoding="UTF-8"?>
<!-- Generated by org.testng.reporters.JUnitReportReporter -->
<testsuite hostname="DESKTOP-ROHIT" failures="0" tests="1" name="Android_Compassion_Apk.Update_Phoneno_and_Email" time="106.133" errors="0" timestamp="2023-05-12T19:01:36 IST" skipped="0">
  <testcase classname="Android_Compassion_Apk.Update_Phoneno_and_Email" name="change_email" time="106.133"/>
  <system-out/>
</testsuite> <!-- Android_Compassion_Apk.Update_Phoneno_and_Email -->
