<?xml version="1.0" encoding="UTF-8"?>
<!-- Generated by org.testng.reporters.JUnitReportReporter -->
<testsuite hostname="DESKTOP-ROHIT" failures="0" tests="1" name="Android_Compassion_Apk.Login_Compassion" time="136.295" errors="0" timestamp="2023-02-14T17:01:38 IST" skipped="0">
  <testcase classname="Android_Compassion_Apk.Login_Compassion" name="Login" time="136.295"/>
  <system-out/>
</testsuite> <!-- Android_Compassion_Apk.Login_Compassion -->
