<?xml version="1.0" encoding="UTF-8"?>
<!-- Generated by org.testng.reporters.JUnitReportReporter -->
<testsuite hostname="DESKTOP-ROHIT" failures="0" tests="1" name="Android_Compassion_Apk.update_Phone_No" time="137.785" errors="0" timestamp="2023-05-20T12:32:52 IST" skipped="0">
  <testcase classname="Android_Compassion_Apk.update_Phone_No" name="change_phone_no" time="137.785"/>
  <system-out/>
</testsuite> <!-- Android_Compassion_Apk.update_Phone_No -->
