<?xml version="1.0" encoding="UTF-8"?>
<!-- Generated by org.testng.reporters.JUnitReportReporter -->
<testsuite hostname="DESKTOP-ROHIT" failures="0" tests="1" name="Android_Compassion_Apk.Sponsorship_Prefrence" time="137.516" errors="0" timestamp="2023-05-20T12:05:05 IST" skipped="0">
  <testcase classname="Android_Compassion_Apk.Sponsorship_Prefrence" name="Login" time="137.516"/>
  <system-out/>
</testsuite> <!-- Android_Compassion_Apk.Sponsorship_Prefrence -->
