<?xml version="1.0" encoding="UTF-8"?>
<!-- Generated by org.testng.reporters.JUnitReportReporter -->
<testsuite hostname="DESKTOP-ROHIT" failures="0" tests="1" name="Android_Compassion_Apk.Marketing_Permission" time="109.668" errors="0" timestamp="2023-06-10T17:29:40 IST" skipped="0">
  <testcase classname="Android_Compassion_Apk.Marketing_Permission" name="MarketingPermission" time="109.668"/>
  <system-out/>
</testsuite> <!-- Android_Compassion_Apk.Marketing_Permission -->
