<?xml version="1.0" encoding="UTF-8"?>
<!-- Generated by org.testng.reporters.JUnitReportReporter -->
<testsuite hostname="DESKTOP-ROHIT" failures="0" tests="1" name="Android_Compassion_Apk.Send_Letter" time="132.275" errors="0" timestamp="2023-05-20T12:09:56 IST" skipped="0">
  <testcase classname="Android_Compassion_Apk.Send_Letter" name="letter" time="132.275"/>
  <system-out/>
</testsuite> <!-- Android_Compassion_Apk.Send_Letter -->
