<?xml version="1.0" encoding="UTF-8"?>
<!-- Generated by org.testng.reporters.JUnitReportReporter -->
<testsuite hostname="DESKTOP-ROHIT" failures="0" tests="1" name="Android_Compassion_Apk.Postal_Address" time="149.331" errors="0" timestamp="2023-05-19T18:46:48 IST" skipped="0">
  <testcase classname="Android_Compassion_Apk.Postal_Address" name="postal_Add" time="149.331"/>
  <system-out/>
</testsuite> <!-- Android_Compassion_Apk.Postal_Address -->
